<?xml version="1.0" encoding="UTF-8"?>
<testsuites>
  <testsuite name="" tests="229" assertions="470" errors="0" warnings="0" failures="0" skipped="0" time="2.386628">
    <testsuite name="default" tests="229" assertions="470" errors="0" warnings="0" failures="0" skipped="0" time="2.386628">
      <testsuite name="Tests_Admin_wpPrivacyRequestsTable" file="/var/www/tests/phpunit/tests/admin/wpPrivacyRequestsTable.php" tests="11" assertions="15" errors="0" warnings="0" failures="0" skipped="0" time="0.069956">
        <testsuite name="Tests_Admin_wpPrivacyRequestsTable::test_columns_should_be_sortable" tests="9" assertions="9" errors="0" warnings="0" failures="0" skipped="0" time="0.061057">
          <testcase name="test_columns_should_be_sortable with data set #0" class="Tests_Admin_wpPrivacyRequestsTable" classname="Tests_Admin_wpPrivacyRequestsTable" file="/var/www/tests/phpunit/tests/admin/wpPrivacyRequestsTable.php" line="84" assertions="1" time="0.013567"/>
          <testcase name="test_columns_should_be_sortable with data set #1" class="Tests_Admin_wpPrivacyRequestsTable" classname="Tests_Admin_wpPrivacyRequestsTable" file="/var/www/tests/phpunit/tests/admin/wpPrivacyRequestsTable.php" line="84" assertions="1" time="0.006273"/>
          <testcase name="test_columns_should_be_sortable with data set #2" class="Tests_Admin_wpPrivacyRequestsTable" classname="Tests_Admin_wpPrivacyRequestsTable" file="/var/www/tests/phpunit/tests/admin/wpPrivacyRequestsTable.php" line="84" assertions="1" time="0.005859"/>
          <testcase name="test_columns_should_be_sortable with data set #3" class="Tests_Admin_wpPrivacyRequestsTable" classname="Tests_Admin_wpPrivacyRequestsTable" file="/var/www/tests/phpunit/tests/admin/wpPrivacyRequestsTable.php" line="84" assertions="1" time="0.006663"/>
          <testcase name="test_columns_should_be_sortable with data set #4" class="Tests_Admin_wpPrivacyRequestsTable" classname="Tests_Admin_wpPrivacyRequestsTable" file="/var/www/tests/phpunit/tests/admin/wpPrivacyRequestsTable.php" line="84" assertions="1" time="0.005616"/>
          <testcase name="test_columns_should_be_sortable with data set #5" class="Tests_Admin_wpPrivacyRequestsTable" classname="Tests_Admin_wpPrivacyRequestsTable" file="/var/www/tests/phpunit/tests/admin/wpPrivacyRequestsTable.php" line="84" assertions="1" time="0.006242"/>
          <testcase name="test_columns_should_be_sortable with data set #6" class="Tests_Admin_wpPrivacyRequestsTable" classname="Tests_Admin_wpPrivacyRequestsTable" file="/var/www/tests/phpunit/tests/admin/wpPrivacyRequestsTable.php" line="84" assertions="1" time="0.005785"/>
          <testcase name="test_columns_should_be_sortable with data set #7" class="Tests_Admin_wpPrivacyRequestsTable" classname="Tests_Admin_wpPrivacyRequestsTable" file="/var/www/tests/phpunit/tests/admin/wpPrivacyRequestsTable.php" line="84" assertions="1" time="0.005428"/>
          <testcase name="test_columns_should_be_sortable with data set #8" class="Tests_Admin_wpPrivacyRequestsTable" classname="Tests_Admin_wpPrivacyRequestsTable" file="/var/www/tests/phpunit/tests/admin/wpPrivacyRequestsTable.php" line="84" assertions="1" time="0.005625"/>
        </testsuite>
        <testcase name="test_get_views_should_return_views_by_default" class="Tests_Admin_wpPrivacyRequestsTable" classname="Tests_Admin_wpPrivacyRequestsTable" file="/var/www/tests/phpunit/tests/admin/wpPrivacyRequestsTable.php" line="205" assertions="1" time="0.005680"/>
        <testcase name="test_get_timestamp_as_date" class="Tests_Admin_wpPrivacyRequestsTable" classname="Tests_Admin_wpPrivacyRequestsTable" file="/var/www/tests/phpunit/tests/admin/wpPrivacyRequestsTable.php" line="220" assertions="5" time="0.003219"/>
      </testsuite>
      <testsuite name="Tests_Comment_wpCommentsPersonalDataEraser" file="/var/www/tests/phpunit/tests/comment/wpCommentsPersonalDataEraser.php" tests="7" assertions="7" errors="0" warnings="0" failures="0" skipped="0" time="0.092312">
        <testcase name="test_wp_comments_personal_data_eraser" class="Tests_Comment_wpCommentsPersonalDataEraser" classname="Tests_Comment_wpCommentsPersonalDataEraser" file="/var/www/tests/phpunit/tests/comment/wpCommentsPersonalDataEraser.php" line="22" assertions="1" time="0.040382"/>
        <testcase name="test_wp_comments_personal_data_eraser_empty_first_page_output" class="Tests_Comment_wpCommentsPersonalDataEraser" classname="Tests_Comment_wpCommentsPersonalDataEraser" file="/var/www/tests/phpunit/tests/comment/wpCommentsPersonalDataEraser.php" line="77" assertions="1" time="0.004295"/>
        <testcase name="test_wp_comments_personal_data_eraser_non_empty_first_page_output" class="Tests_Comment_wpCommentsPersonalDataEraser" classname="Tests_Comment_wpCommentsPersonalDataEraser" file="/var/www/tests/phpunit/tests/comment/wpCommentsPersonalDataEraser.php" line="95" assertions="1" time="0.009911"/>
        <testcase name="test_wp_comments_personal_data_eraser_empty_second_page_output" class="Tests_Comment_wpCommentsPersonalDataEraser" classname="Tests_Comment_wpCommentsPersonalDataEraser" file="/var/www/tests/phpunit/tests/comment/wpCommentsPersonalDataEraser.php" line="125" assertions="1" time="0.009289"/>
        <testcase name="test_wp_anonymize_comment_filter_to_prevent_comment_anonymization" class="Tests_Comment_wpCommentsPersonalDataEraser" classname="Tests_Comment_wpCommentsPersonalDataEraser" file="/var/www/tests/phpunit/tests/comment/wpCommentsPersonalDataEraser.php" line="155" assertions="1" time="0.009096"/>
        <testcase name="test_wp_anonymize_comment_filter_to_prevent_comment_anonymization_with_custom_message" class="Tests_Comment_wpCommentsPersonalDataEraser" classname="Tests_Comment_wpCommentsPersonalDataEraser" file="/var/www/tests/phpunit/tests/comment/wpCommentsPersonalDataEraser.php" line="190" assertions="1" time="0.009774"/>
        <testcase name="test_wp_comments_personal_data_eraser_orders_comments_by_id" class="Tests_Comment_wpCommentsPersonalDataEraser" classname="Tests_Comment_wpCommentsPersonalDataEraser" file="/var/www/tests/phpunit/tests/comment/wpCommentsPersonalDataEraser.php" line="238" assertions="1" time="0.009566"/>
      </testsuite>
      <testsuite name="Tests_Comment_wpCommentsPersonalDataExporter" file="/var/www/tests/phpunit/tests/comment/wpCommentsPersonalDataExporter.php" tests="5" assertions="20" errors="0" warnings="0" failures="0" skipped="0" time="0.022083">
        <testcase name="test_wp_comments_personal_data_exporter" class="Tests_Comment_wpCommentsPersonalDataExporter" classname="Tests_Comment_wpCommentsPersonalDataExporter" file="/var/www/tests/phpunit/tests/comment/wpCommentsPersonalDataExporter.php" line="22" assertions="13" time="0.004402"/>
        <testcase name="test_wp_comments_personal_data_exporter_no_comments_found" class="Tests_Comment_wpCommentsPersonalDataExporter" classname="Tests_Comment_wpCommentsPersonalDataExporter" file="/var/www/tests/phpunit/tests/comment/wpCommentsPersonalDataExporter.php" line="67" assertions="1" time="0.002015"/>
        <testcase name="test_wp_comments_personal_data_exporter_empty_comment_prop" class="Tests_Comment_wpCommentsPersonalDataExporter" classname="Tests_Comment_wpCommentsPersonalDataExporter" file="/var/www/tests/phpunit/tests/comment/wpCommentsPersonalDataExporter.php" line="84" assertions="3" time="0.003470"/>
        <testcase name="test_wp_comments_personal_data_exporter_empty_second_page" class="Tests_Comment_wpCommentsPersonalDataExporter" classname="Tests_Comment_wpCommentsPersonalDataExporter" file="/var/www/tests/phpunit/tests/comment/wpCommentsPersonalDataExporter.php" line="114" assertions="2" time="0.003658"/>
        <testcase name="test_wp_comments_personal_data_exporter_orders_comments_by_id" class="Tests_Comment_wpCommentsPersonalDataExporter" classname="Tests_Comment_wpCommentsPersonalDataExporter" file="/var/www/tests/phpunit/tests/comment/wpCommentsPersonalDataExporter.php" line="141" assertions="1" time="0.008538"/>
      </testsuite>
      <testsuite name="Tests_Functions_Anonymization" file="/var/www/tests/phpunit/tests/functions/anonymization.php" tests="41" assertions="41" errors="0" warnings="0" failures="0" skipped="0" time="0.142624">
        <testsuite name="Tests_Functions_Anonymization::test_wp_privacy_anonymize_ip" tests="25" assertions="25" errors="0" warnings="0" failures="0" skipped="0" time="0.082943">
          <testcase name="test_wp_privacy_anonymize_ip with data set #0" class="Tests_Functions_Anonymization" classname="Tests_Functions_Anonymization" file="/var/www/tests/phpunit/tests/functions/anonymization.php" line="29" assertions="1" time="0.004157"/>
          <testcase name="test_wp_privacy_anonymize_ip with data set #1" class="Tests_Functions_Anonymization" classname="Tests_Functions_Anonymization" file="/var/www/tests/phpunit/tests/functions/anonymization.php" line="29" assertions="1" time="0.004183"/>
          <testcase name="test_wp_privacy_anonymize_ip with data set #2" class="Tests_Functions_Anonymization" classname="Tests_Functions_Anonymization" file="/var/www/tests/phpunit/tests/functions/anonymization.php" line="29" assertions="1" time="0.003304"/>
          <testcase name="test_wp_privacy_anonymize_ip with data set #3" class="Tests_Functions_Anonymization" classname="Tests_Functions_Anonymization" file="/var/www/tests/phpunit/tests/functions/anonymization.php" line="29" assertions="1" time="0.003031"/>
          <testcase name="test_wp_privacy_anonymize_ip with data set #4" class="Tests_Functions_Anonymization" classname="Tests_Functions_Anonymization" file="/var/www/tests/phpunit/tests/functions/anonymization.php" line="29" assertions="1" time="0.002994"/>
          <testcase name="test_wp_privacy_anonymize_ip with data set #5" class="Tests_Functions_Anonymization" classname="Tests_Functions_Anonymization" file="/var/www/tests/phpunit/tests/functions/anonymization.php" line="29" assertions="1" time="0.003728"/>
          <testcase name="test_wp_privacy_anonymize_ip with data set #6" class="Tests_Functions_Anonymization" classname="Tests_Functions_Anonymization" file="/var/www/tests/phpunit/tests/functions/anonymization.php" line="29" assertions="1" time="0.003958"/>
          <testcase name="test_wp_privacy_anonymize_ip with data set #7" class="Tests_Functions_Anonymization" classname="Tests_Functions_Anonymization" file="/var/www/tests/phpunit/tests/functions/anonymization.php" line="29" assertions="1" time="0.003637"/>
          <testcase name="test_wp_privacy_anonymize_ip with data set #8" class="Tests_Functions_Anonymization" classname="Tests_Functions_Anonymization" file="/var/www/tests/phpunit/tests/functions/anonymization.php" line="29" assertions="1" time="0.003763"/>
          <testcase name="test_wp_privacy_anonymize_ip with data set #9" class="Tests_Functions_Anonymization" classname="Tests_Functions_Anonymization" file="/var/www/tests/phpunit/tests/functions/anonymization.php" line="29" assertions="1" time="0.002813"/>
          <testcase name="test_wp_privacy_anonymize_ip with data set #10" class="Tests_Functions_Anonymization" classname="Tests_Functions_Anonymization" file="/var/www/tests/phpunit/tests/functions/anonymization.php" line="29" assertions="1" time="0.002776"/>
          <testcase name="test_wp_privacy_anonymize_ip with data set #11" class="Tests_Functions_Anonymization" classname="Tests_Functions_Anonymization" file="/var/www/tests/phpunit/tests/functions/anonymization.php" line="29" assertions="1" time="0.003143"/>
          <testcase name="test_wp_privacy_anonymize_ip with data set #12" class="Tests_Functions_Anonymization" classname="Tests_Functions_Anonymization" file="/var/www/tests/phpunit/tests/functions/anonymization.php" line="29" assertions="1" time="0.003144"/>
          <testcase name="test_wp_privacy_anonymize_ip with data set #13" class="Tests_Functions_Anonymization" classname="Tests_Functions_Anonymization" file="/var/www/tests/phpunit/tests/functions/anonymization.php" line="29" assertions="1" time="0.003244"/>
          <testcase name="test_wp_privacy_anonymize_ip with data set #14" class="Tests_Functions_Anonymization" classname="Tests_Functions_Anonymization" file="/var/www/tests/phpunit/tests/functions/anonymization.php" line="29" assertions="1" time="0.002941"/>
          <testcase name="test_wp_privacy_anonymize_ip with data set #15" class="Tests_Functions_Anonymization" classname="Tests_Functions_Anonymization" file="/var/www/tests/phpunit/tests/functions/anonymization.php" line="29" assertions="1" time="0.003198"/>
          <testcase name="test_wp_privacy_anonymize_ip with data set #16" class="Tests_Functions_Anonymization" classname="Tests_Functions_Anonymization" file="/var/www/tests/phpunit/tests/functions/anonymization.php" line="29" assertions="1" time="0.003377"/>
          <testcase name="test_wp_privacy_anonymize_ip with data set #17" class="Tests_Functions_Anonymization" classname="Tests_Functions_Anonymization" file="/var/www/tests/phpunit/tests/functions/anonymization.php" line="29" assertions="1" time="0.003238"/>
          <testcase name="test_wp_privacy_anonymize_ip with data set #18" class="Tests_Functions_Anonymization" classname="Tests_Functions_Anonymization" file="/var/www/tests/phpunit/tests/functions/anonymization.php" line="29" assertions="1" time="0.003053"/>
          <testcase name="test_wp_privacy_anonymize_ip with data set #19" class="Tests_Functions_Anonymization" classname="Tests_Functions_Anonymization" file="/var/www/tests/phpunit/tests/functions/anonymization.php" line="29" assertions="1" time="0.003189"/>
          <testcase name="test_wp_privacy_anonymize_ip with data set #20" class="Tests_Functions_Anonymization" classname="Tests_Functions_Anonymization" file="/var/www/tests/phpunit/tests/functions/anonymization.php" line="29" assertions="1" time="0.002867"/>
          <testcase name="test_wp_privacy_anonymize_ip with data set #21" class="Tests_Functions_Anonymization" classname="Tests_Functions_Anonymization" file="/var/www/tests/phpunit/tests/functions/anonymization.php" line="29" assertions="1" time="0.003500"/>
          <testcase name="test_wp_privacy_anonymize_ip with data set #22" class="Tests_Functions_Anonymization" classname="Tests_Functions_Anonymization" file="/var/www/tests/phpunit/tests/functions/anonymization.php" line="29" assertions="1" time="0.003321"/>
          <testcase name="test_wp_privacy_anonymize_ip with data set #23" class="Tests_Functions_Anonymization" classname="Tests_Functions_Anonymization" file="/var/www/tests/phpunit/tests/functions/anonymization.php" line="29" assertions="1" time="0.003055"/>
          <testcase name="test_wp_privacy_anonymize_ip with data set #24" class="Tests_Functions_Anonymization" classname="Tests_Functions_Anonymization" file="/var/www/tests/phpunit/tests/functions/anonymization.php" line="29" assertions="1" time="0.003330"/>
        </testsuite>
        <testsuite name="Tests_Functions_Anonymization::test_wp_privacy_anonymize_ip_with_inet_dependency" tests="10" assertions="10" errors="0" warnings="0" failures="0" skipped="0" time="0.039901">
          <testcase name="test_wp_privacy_anonymize_ip_with_inet_dependency with data set #0" class="Tests_Functions_Anonymization" classname="Tests_Functions_Anonymization" file="/var/www/tests/phpunit/tests/functions/anonymization.php" line="187" assertions="1" time="0.003446"/>
          <testcase name="test_wp_privacy_anonymize_ip_with_inet_dependency with data set #1" class="Tests_Functions_Anonymization" classname="Tests_Functions_Anonymization" file="/var/www/tests/phpunit/tests/functions/anonymization.php" line="187" assertions="1" time="0.003621"/>
          <testcase name="test_wp_privacy_anonymize_ip_with_inet_dependency with data set #2" class="Tests_Functions_Anonymization" classname="Tests_Functions_Anonymization" file="/var/www/tests/phpunit/tests/functions/anonymization.php" line="187" assertions="1" time="0.004419"/>
          <testcase name="test_wp_privacy_anonymize_ip_with_inet_dependency with data set #3" class="Tests_Functions_Anonymization" classname="Tests_Functions_Anonymization" file="/var/www/tests/phpunit/tests/functions/anonymization.php" line="187" assertions="1" time="0.003954"/>
          <testcase name="test_wp_privacy_anonymize_ip_with_inet_dependency with data set #4" class="Tests_Functions_Anonymization" classname="Tests_Functions_Anonymization" file="/var/www/tests/phpunit/tests/functions/anonymization.php" line="187" assertions="1" time="0.003746"/>
          <testcase name="test_wp_privacy_anonymize_ip_with_inet_dependency with data set #5" class="Tests_Functions_Anonymization" classname="Tests_Functions_Anonymization" file="/var/www/tests/phpunit/tests/functions/anonymization.php" line="187" assertions="1" time="0.004308"/>
          <testcase name="test_wp_privacy_anonymize_ip_with_inet_dependency with data set #6" class="Tests_Functions_Anonymization" classname="Tests_Functions_Anonymization" file="/var/www/tests/phpunit/tests/functions/anonymization.php" line="187" assertions="1" time="0.004087"/>
          <testcase name="test_wp_privacy_anonymize_ip_with_inet_dependency with data set #7" class="Tests_Functions_Anonymization" classname="Tests_Functions_Anonymization" file="/var/www/tests/phpunit/tests/functions/anonymization.php" line="187" assertions="1" time="0.004203"/>
          <testcase name="test_wp_privacy_anonymize_ip_with_inet_dependency with data set #8" class="Tests_Functions_Anonymization" classname="Tests_Functions_Anonymization" file="/var/www/tests/phpunit/tests/functions/anonymization.php" line="187" assertions="1" time="0.004149"/>
          <testcase name="test_wp_privacy_anonymize_ip_with_inet_dependency with data set #9" class="Tests_Functions_Anonymization" classname="Tests_Functions_Anonymization" file="/var/www/tests/phpunit/tests/functions/anonymization.php" line="187" assertions="1" time="0.003967"/>
        </testsuite>
        <testcase name="test_anonymize_email" class="Tests_Functions_Anonymization" classname="Tests_Functions_Anonymization" file="/var/www/tests/phpunit/tests/functions/anonymization.php" line="261" assertions="1" time="0.003636"/>
        <testcase name="test_anonymize_url" class="Tests_Functions_Anonymization" classname="Tests_Functions_Anonymization" file="/var/www/tests/phpunit/tests/functions/anonymization.php" line="268" assertions="1" time="0.003660"/>
        <testcase name="test_anonymize_date" class="Tests_Functions_Anonymization" classname="Tests_Functions_Anonymization" file="/var/www/tests/phpunit/tests/functions/anonymization.php" line="275" assertions="1" time="0.003163"/>
        <testcase name="test_anonymize_text" class="Tests_Functions_Anonymization" classname="Tests_Functions_Anonymization" file="/var/www/tests/phpunit/tests/functions/anonymization.php" line="282" assertions="1" time="0.003066"/>
        <testcase name="test_anonymize_long_text" class="Tests_Functions_Anonymization" classname="Tests_Functions_Anonymization" file="/var/www/tests/phpunit/tests/functions/anonymization.php" line="290" assertions="1" time="0.003324"/>
        <testcase name="test_anonymize_with_filter" class="Tests_Functions_Anonymization" classname="Tests_Functions_Anonymization" file="/var/www/tests/phpunit/tests/functions/anonymization.php" line="300" assertions="1" time="0.002931"/>
      </testsuite>
      <testsuite name="Tests_Link_GetThePrivacyPolicyLink" file="/var/www/tests/phpunit/tests/link/getThePrivacyPolicyLink.php" tests="7" assertions="12" errors="0" warnings="0" failures="0" skipped="0" time="0.038967">
        <testcase name="test_get_the_privacy_policy_link_should_return_valid_link_when_privacy_page_set" class="Tests_Link_GetThePrivacyPolicyLink" classname="Tests_Link_GetThePrivacyPolicyLink" file="/var/www/tests/phpunit/tests/link/getThePrivacyPolicyLink.php" line="71" assertions="3" time="0.005963"/>
        <testcase name="test_get_the_privacy_policy_link_should_prepend_and_append_supplied_markup_when_privacy_page_set" class="Tests_Link_GetThePrivacyPolicyLink" classname="Tests_Link_GetThePrivacyPolicyLink" file="/var/www/tests/phpunit/tests/link/getThePrivacyPolicyLink.php" line="85" assertions="3" time="0.004963"/>
        <testcase name="test_get_the_privacy_policy_link_should_not_prepend_and_append_supplied_markup_when_privacy_page_not_set" class="Tests_Link_GetThePrivacyPolicyLink" classname="Tests_Link_GetThePrivacyPolicyLink" file="/var/www/tests/phpunit/tests/link/getThePrivacyPolicyLink.php" line="99" assertions="1" time="0.003052"/>
        <testcase name="test_function_should_return_empty_string_when_privacy_page_title_empty" class="Tests_Link_GetThePrivacyPolicyLink" classname="Tests_Link_GetThePrivacyPolicyLink" file="/var/www/tests/phpunit/tests/link/getThePrivacyPolicyLink.php" line="111" assertions="1" time="0.011629"/>
        <testcase name="test_get_the_privacy_policy_link_should_return_empty_string_when_privacy_page_not_set" class="Tests_Link_GetThePrivacyPolicyLink" classname="Tests_Link_GetThePrivacyPolicyLink" file="/var/www/tests/phpunit/tests/link/getThePrivacyPolicyLink.php" line="127" assertions="1" time="0.003027"/>
        <testcase name="test_get_the_privacy_policy_link_should_be_filterable" class="Tests_Link_GetThePrivacyPolicyLink" classname="Tests_Link_GetThePrivacyPolicyLink" file="/var/www/tests/phpunit/tests/link/getThePrivacyPolicyLink.php" line="134" assertions="2" time="0.004915"/>
        <testcase name="test_get_the_privacy_policy_link_should_add_rel_privacy_policy" class="Tests_Link_GetThePrivacyPolicyLink" classname="Tests_Link_GetThePrivacyPolicyLink" file="/var/www/tests/phpunit/tests/link/getThePrivacyPolicyLink.php" line="163" assertions="1" time="0.005418"/>
      </testsuite>
      <testsuite name="Tests_Post_GetBodyClass" file="/var/www/tests/phpunit/tests/post/getBodyClass.php" tests="1" assertions="4" errors="0" warnings="0" failures="0" skipped="0" time="0.042914">
        <testcase name="test_privacy_policy_body_class" class="Tests_Post_GetBodyClass" classname="Tests_Post_GetBodyClass" file="/var/www/tests/phpunit/tests/post/getBodyClass.php" line="243" assertions="4" time="0.042914"/>
      </testsuite>
      <testsuite name="Tests_Post_Nav_Menu" file="/var/www/tests/phpunit/tests/post/nav-menu.php" tests="2" assertions="2" errors="0" warnings="0" failures="0" skipped="0" time="0.093088">
        <testcase name="test_no_privacy_policy_class_applied" class="Tests_Post_Nav_Menu" classname="Tests_Post_Nav_Menu" file="/var/www/tests/phpunit/tests/post/nav-menu.php" line="1083" assertions="1" time="0.047949"/>
        <testcase name="test_class_applied_to_privacy_policy_page_item" class="Tests_Post_Nav_Menu" classname="Tests_Post_Nav_Menu" file="/var/www/tests/phpunit/tests/post/nav-menu.php" line="1114" assertions="1" time="0.045139"/>
      </testsuite>
      <testsuite name="Tests_Privacy_wpCreateUserRequest" file="/var/www/tests/phpunit/tests/privacy/wpCreateUserRequest.php" tests="16" assertions="46" errors="0" warnings="0" failures="0" skipped="0" time="0.144090">
        <testcase name="test_invalid_email" class="Tests_Privacy_wpCreateUserRequest" classname="Tests_Privacy_wpCreateUserRequest" file="/var/www/tests/phpunit/tests/privacy/wpCreateUserRequest.php" line="82" assertions="2" time="0.002576"/>
        <testcase name="test_missing_action" class="Tests_Privacy_wpCreateUserRequest" classname="Tests_Privacy_wpCreateUserRequest" file="/var/www/tests/phpunit/tests/privacy/wpCreateUserRequest.php" line="94" assertions="2" time="0.002203"/>
        <testcase name="test_invalid_action" class="Tests_Privacy_wpCreateUserRequest" classname="Tests_Privacy_wpCreateUserRequest" file="/var/www/tests/phpunit/tests/privacy/wpCreateUserRequest.php" line="107" assertions="2" time="0.001939"/>
        <testcase name="test_failure_due_to_incomplete_registered_user" class="Tests_Privacy_wpCreateUserRequest" classname="Tests_Privacy_wpCreateUserRequest" file="/var/www/tests/phpunit/tests/privacy/wpCreateUserRequest.php" line="119" assertions="2" time="0.003157"/>
        <testcase name="test_failure_due_to_incomplete_unregistered_user" class="Tests_Privacy_wpCreateUserRequest" classname="Tests_Privacy_wpCreateUserRequest" file="/var/www/tests/phpunit/tests/privacy/wpCreateUserRequest.php" line="132" assertions="2" time="0.005866"/>
        <testcase name="test_sanitized_email" class="Tests_Privacy_wpCreateUserRequest" classname="Tests_Privacy_wpCreateUserRequest" file="/var/www/tests/phpunit/tests/privacy/wpCreateUserRequest.php" line="154" assertions="3" time="0.007922"/>
        <testcase name="test_sanitized_action_name" class="Tests_Privacy_wpCreateUserRequest" classname="Tests_Privacy_wpCreateUserRequest" file="/var/www/tests/phpunit/tests/privacy/wpCreateUserRequest.php" line="170" assertions="3" time="0.012506"/>
        <testcase name="test_create_request_registered_user" class="Tests_Privacy_wpCreateUserRequest" classname="Tests_Privacy_wpCreateUserRequest" file="/var/www/tests/phpunit/tests/privacy/wpCreateUserRequest.php" line="186" assertions="7" time="0.015384"/>
        <testcase name="test_create_request_unregistered_user" class="Tests_Privacy_wpCreateUserRequest" classname="Tests_Privacy_wpCreateUserRequest" file="/var/www/tests/phpunit/tests/privacy/wpCreateUserRequest.php" line="213" assertions="7" time="0.015846"/>
        <testcase name="test_completed_request_does_not_block_new_request" class="Tests_Privacy_wpCreateUserRequest" classname="Tests_Privacy_wpCreateUserRequest" file="/var/www/tests/phpunit/tests/privacy/wpCreateUserRequest.php" line="241" assertions="4" time="0.016763"/>
        <testcase name="test_completed_request_does_not_block_new_request_for_unregistered_user" class="Tests_Privacy_wpCreateUserRequest" classname="Tests_Privacy_wpCreateUserRequest" file="/var/www/tests/phpunit/tests/privacy/wpCreateUserRequest.php" line="268" assertions="6" time="0.015171"/>
        <testcase name="test_wp_error_returned_from_wp_insert_post" class="Tests_Privacy_wpCreateUserRequest" classname="Tests_Privacy_wpCreateUserRequest" file="/var/www/tests/phpunit/tests/privacy/wpCreateUserRequest.php" line="296" assertions="2" time="0.012199"/>
        <testcase name="test_wp_create_user_request_default_pending_status" class="Tests_Privacy_wpCreateUserRequest" classname="Tests_Privacy_wpCreateUserRequest" file="/var/www/tests/phpunit/tests/privacy/wpCreateUserRequest.php" line="311" assertions="1" time="0.009896"/>
        <testcase name="test_wp_create_user_request_pending_status" class="Tests_Privacy_wpCreateUserRequest" classname="Tests_Privacy_wpCreateUserRequest" file="/var/www/tests/phpunit/tests/privacy/wpCreateUserRequest.php" line="323" assertions="1" time="0.009409"/>
        <testcase name="test_wp_create_user_request_confirmed_status" class="Tests_Privacy_wpCreateUserRequest" classname="Tests_Privacy_wpCreateUserRequest" file="/var/www/tests/phpunit/tests/privacy/wpCreateUserRequest.php" line="335" assertions="1" time="0.010129"/>
        <testcase name="test_wp_create_user_request_wp_error_status" class="Tests_Privacy_wpCreateUserRequest" classname="Tests_Privacy_wpCreateUserRequest" file="/var/www/tests/phpunit/tests/privacy/wpCreateUserRequest.php" line="347" assertions="1" time="0.003123"/>
      </testsuite>
      <testsuite name="Tests_Privacy_wpPrivacyCompletedRequest" file="/var/www/tests/phpunit/tests/privacy/wpPrivacyCompletedRequest.php" tests="3" assertions="10" errors="0" warnings="0" failures="0" skipped="0" time="0.018405">
        <testcase name="test_wp_privacy_completed_request_should_return_error_for_invalid_request_id" class="Tests_Privacy_wpPrivacyCompletedRequest" classname="Tests_Privacy_wpPrivacyCompletedRequest" file="/var/www/tests/phpunit/tests/privacy/wpPrivacyCompletedRequest.php" line="36" assertions="4" time="0.003504"/>
        <testcase name="test_wp_privacy_completed_request_should_mark_request_completed" class="Tests_Privacy_wpPrivacyCompletedRequest" classname="Tests_Privacy_wpPrivacyCompletedRequest" file="/var/www/tests/phpunit/tests/privacy/wpPrivacyCompletedRequest.php" line="51" assertions="3" time="0.007691"/>
        <testcase name="test_wp_privacy_completed_request_should_log_request_timestamp" class="Tests_Privacy_wpPrivacyCompletedRequest" classname="Tests_Privacy_wpPrivacyCompletedRequest" file="/var/www/tests/phpunit/tests/privacy/wpPrivacyCompletedRequest.php" line="62" assertions="3" time="0.007209"/>
      </testsuite>
      <testsuite name="Tests_Privacy_wpPrivacyDeleteOldExportFiles" file="/var/www/tests/phpunit/tests/privacy/wpPrivacyDeleteOldExportFiles.php" tests="5" assertions="6" errors="0" warnings="0" failures="0" skipped="0" time="0.022314">
        <testcase name="test_non_existent_folders_should_not_cause_errors" class="Tests_Privacy_wpPrivacyDeleteOldExportFiles" classname="Tests_Privacy_wpPrivacyDeleteOldExportFiles" file="/var/www/tests/phpunit/tests/privacy/wpPrivacyDeleteOldExportFiles.php" line="81" assertions="1" time="0.004185"/>
        <testcase name="test_expired_files_should_be_deleted" class="Tests_Privacy_wpPrivacyDeleteOldExportFiles" classname="Tests_Privacy_wpPrivacyDeleteOldExportFiles" file="/var/www/tests/phpunit/tests/privacy/wpPrivacyDeleteOldExportFiles.php" line="113" assertions="1" time="0.004555"/>
        <testcase name="test_unexpired_files_should_not_be_deleted" class="Tests_Privacy_wpPrivacyDeleteOldExportFiles" classname="Tests_Privacy_wpPrivacyDeleteOldExportFiles" file="/var/www/tests/phpunit/tests/privacy/wpPrivacyDeleteOldExportFiles.php" line="124" assertions="1" time="0.004242"/>
        <testcase name="test_index_file_should_never_be_deleted" class="Tests_Privacy_wpPrivacyDeleteOldExportFiles" classname="Tests_Privacy_wpPrivacyDeleteOldExportFiles" file="/var/www/tests/phpunit/tests/privacy/wpPrivacyDeleteOldExportFiles.php" line="135" assertions="1" time="0.004654"/>
        <testcase name="test_filtered_expiration_time" class="Tests_Privacy_wpPrivacyDeleteOldExportFiles" classname="Tests_Privacy_wpPrivacyDeleteOldExportFiles" file="/var/www/tests/phpunit/tests/privacy/wpPrivacyDeleteOldExportFiles.php" line="146" assertions="2" time="0.004678"/>
      </testsuite>
      <testsuite name="Tests_Privacy_wpPrivacyGeneratePersonalDataExportFile" file="/var/www/tests/phpunit/tests/privacy/wpPrivacyGeneratePersonalDataExportFile.php" tests="31" assertions="112" errors="0" warnings="0" failures="0" skipped="0" time="0.356972">
        <testcase name="test_rejects_remove_requests" class="Tests_Privacy_wpPrivacyGeneratePersonalDataExportFile" classname="Tests_Privacy_wpPrivacyGeneratePersonalDataExportFile" file="/var/www/tests/phpunit/tests/privacy/wpPrivacyGeneratePersonalDataExportFile.php" line="161" assertions="2" time="0.012125"/>
        <testcase name="test_invalid_request_id" class="Tests_Privacy_wpPrivacyGeneratePersonalDataExportFile" classname="Tests_Privacy_wpPrivacyGeneratePersonalDataExportFile" file="/var/www/tests/phpunit/tests/privacy/wpPrivacyGeneratePersonalDataExportFile.php" line="174" assertions="2" time="0.004871"/>
        <testcase name="test_rejects_requests_with_bad_email_addresses" class="Tests_Privacy_wpPrivacyGeneratePersonalDataExportFile" classname="Tests_Privacy_wpPrivacyGeneratePersonalDataExportFile" file="/var/www/tests/phpunit/tests/privacy/wpPrivacyGeneratePersonalDataExportFile.php" line="185" assertions="2" time="0.015577"/>
        <testcase name="test_detect_cannot_create_folder" class="Tests_Privacy_wpPrivacyGeneratePersonalDataExportFile" classname="Tests_Privacy_wpPrivacyGeneratePersonalDataExportFile" file="/var/www/tests/phpunit/tests/privacy/wpPrivacyGeneratePersonalDataExportFile.php" line="205" assertions="2" time="0.005142"/>
        <testsuite name="Tests_Privacy_wpPrivacyGeneratePersonalDataExportFile::test_doing_it_wrong_for_export_data_grouped_invalid_type" tests="8" assertions="8" errors="0" warnings="0" failures="0" skipped="0" time="0.098753">
          <testcase name="test_doing_it_wrong_for_export_data_grouped_invalid_type with data set #0" class="Tests_Privacy_wpPrivacyGeneratePersonalDataExportFile" classname="Tests_Privacy_wpPrivacyGeneratePersonalDataExportFile" file="/var/www/tests/phpunit/tests/privacy/wpPrivacyGeneratePersonalDataExportFile.php" line="221" assertions="1" time="0.015273"/>
          <testcase name="test_doing_it_wrong_for_export_data_grouped_invalid_type with data set #1" class="Tests_Privacy_wpPrivacyGeneratePersonalDataExportFile" classname="Tests_Privacy_wpPrivacyGeneratePersonalDataExportFile" file="/var/www/tests/phpunit/tests/privacy/wpPrivacyGeneratePersonalDataExportFile.php" line="221" assertions="1" time="0.011923"/>
          <testcase name="test_doing_it_wrong_for_export_data_grouped_invalid_type with data set #2" class="Tests_Privacy_wpPrivacyGeneratePersonalDataExportFile" classname="Tests_Privacy_wpPrivacyGeneratePersonalDataExportFile" file="/var/www/tests/phpunit/tests/privacy/wpPrivacyGeneratePersonalDataExportFile.php" line="221" assertions="1" time="0.013816"/>
          <testcase name="test_doing_it_wrong_for_export_data_grouped_invalid_type with data set #3" class="Tests_Privacy_wpPrivacyGeneratePersonalDataExportFile" classname="Tests_Privacy_wpPrivacyGeneratePersonalDataExportFile" file="/var/www/tests/phpunit/tests/privacy/wpPrivacyGeneratePersonalDataExportFile.php" line="221" assertions="1" time="0.012992"/>
          <testcase name="test_doing_it_wrong_for_export_data_grouped_invalid_type with data set #4" class="Tests_Privacy_wpPrivacyGeneratePersonalDataExportFile" classname="Tests_Privacy_wpPrivacyGeneratePersonalDataExportFile" file="/var/www/tests/phpunit/tests/privacy/wpPrivacyGeneratePersonalDataExportFile.php" line="221" assertions="1" time="0.010911"/>
          <testcase name="test_doing_it_wrong_for_export_data_grouped_invalid_type with data set #5" class="Tests_Privacy_wpPrivacyGeneratePersonalDataExportFile" classname="Tests_Privacy_wpPrivacyGeneratePersonalDataExportFile" file="/var/www/tests/phpunit/tests/privacy/wpPrivacyGeneratePersonalDataExportFile.php" line="221" assertions="1" time="0.010789"/>
          <testcase name="test_doing_it_wrong_for_export_data_grouped_invalid_type with data set #6" class="Tests_Privacy_wpPrivacyGeneratePersonalDataExportFile" classname="Tests_Privacy_wpPrivacyGeneratePersonalDataExportFile" file="/var/www/tests/phpunit/tests/privacy/wpPrivacyGeneratePersonalDataExportFile.php" line="221" assertions="1" time="0.010885"/>
          <testcase name="test_doing_it_wrong_for_export_data_grouped_invalid_type with data set #7" class="Tests_Privacy_wpPrivacyGeneratePersonalDataExportFile" classname="Tests_Privacy_wpPrivacyGeneratePersonalDataExportFile" file="/var/www/tests/phpunit/tests/privacy/wpPrivacyGeneratePersonalDataExportFile.php" line="221" assertions="1" time="0.012161"/>
        </testsuite>
        <testcase name="test_creates_index_in_export_folder" class="Tests_Privacy_wpPrivacyGeneratePersonalDataExportFile" classname="Tests_Privacy_wpPrivacyGeneratePersonalDataExportFile" file="/var/www/tests/phpunit/tests/privacy/wpPrivacyGeneratePersonalDataExportFile.php" line="288" assertions="2" time="0.013072"/>
        <testcase name="test_can_succeed" class="Tests_Privacy_wpPrivacyGeneratePersonalDataExportFile" classname="Tests_Privacy_wpPrivacyGeneratePersonalDataExportFile" file="/var/www/tests/phpunit/tests/privacy/wpPrivacyGeneratePersonalDataExportFile.php" line="300" assertions="1" time="0.012984"/>
        <testsuite name="Tests_Privacy_wpPrivacyGeneratePersonalDataExportFile::test_html_contents" tests="8" assertions="45" errors="0" warnings="0" failures="0" skipped="0" time="0.096371">
          <testcase name="test_html_contents with data set &quot;should contain null when integer&quot;" class="Tests_Privacy_wpPrivacyGeneratePersonalDataExportFile" classname="Tests_Privacy_wpPrivacyGeneratePersonalDataExportFile" file="/var/www/tests/phpunit/tests/privacy/wpPrivacyGeneratePersonalDataExportFile.php" line="318" assertions="6" time="0.013599"/>
          <testcase name="test_html_contents with data set &quot;should contain null when boolean&quot;" class="Tests_Privacy_wpPrivacyGeneratePersonalDataExportFile" classname="Tests_Privacy_wpPrivacyGeneratePersonalDataExportFile" file="/var/www/tests/phpunit/tests/privacy/wpPrivacyGeneratePersonalDataExportFile.php" line="318" assertions="6" time="0.014071"/>
          <testcase name="test_html_contents with data set &quot;should contain null when string&quot;" class="Tests_Privacy_wpPrivacyGeneratePersonalDataExportFile" classname="Tests_Privacy_wpPrivacyGeneratePersonalDataExportFile" file="/var/www/tests/phpunit/tests/privacy/wpPrivacyGeneratePersonalDataExportFile.php" line="318" assertions="6" time="0.012752"/>
          <testcase name="test_html_contents with data set &quot;should contain null when object&quot;" class="Tests_Privacy_wpPrivacyGeneratePersonalDataExportFile" classname="Tests_Privacy_wpPrivacyGeneratePersonalDataExportFile" file="/var/www/tests/phpunit/tests/privacy/wpPrivacyGeneratePersonalDataExportFile.php" line="318" assertions="6" time="0.011210"/>
          <testcase name="test_html_contents with data set &quot;should contain only about when _export_data_grouped does not exist&quot;" class="Tests_Privacy_wpPrivacyGeneratePersonalDataExportFile" classname="Tests_Privacy_wpPrivacyGeneratePersonalDataExportFile" file="/var/www/tests/phpunit/tests/privacy/wpPrivacyGeneratePersonalDataExportFile.php" line="318" assertions="6" time="0.010685"/>
          <testcase name="test_html_contents with data set &quot;should contain only about when empty array&quot;" class="Tests_Privacy_wpPrivacyGeneratePersonalDataExportFile" classname="Tests_Privacy_wpPrivacyGeneratePersonalDataExportFile" file="/var/www/tests/phpunit/tests/privacy/wpPrivacyGeneratePersonalDataExportFile.php" line="318" assertions="5" time="0.009802"/>
          <testcase name="test_html_contents with data set &quot;should contain about and export data groups when single group exists&quot;" class="Tests_Privacy_wpPrivacyGeneratePersonalDataExportFile" classname="Tests_Privacy_wpPrivacyGeneratePersonalDataExportFile" file="/var/www/tests/phpunit/tests/privacy/wpPrivacyGeneratePersonalDataExportFile.php" line="318" assertions="5" time="0.011575"/>
          <testcase name="test_html_contents with data set &quot;should contain about and export data groups when multiple groups exist&quot;" class="Tests_Privacy_wpPrivacyGeneratePersonalDataExportFile" classname="Tests_Privacy_wpPrivacyGeneratePersonalDataExportFile" file="/var/www/tests/phpunit/tests/privacy/wpPrivacyGeneratePersonalDataExportFile.php" line="318" assertions="5" time="0.012677"/>
        </testsuite>
        <testsuite name="Tests_Privacy_wpPrivacyGeneratePersonalDataExportFile::test_json_contents" tests="8" assertions="45" errors="0" warnings="0" failures="0" skipped="0" time="0.092628">
          <testcase name="test_json_contents with data set &quot;should contain null when integer&quot;" class="Tests_Privacy_wpPrivacyGeneratePersonalDataExportFile" classname="Tests_Privacy_wpPrivacyGeneratePersonalDataExportFile" file="/var/www/tests/phpunit/tests/privacy/wpPrivacyGeneratePersonalDataExportFile.php" line="360" assertions="6" time="0.011098"/>
          <testcase name="test_json_contents with data set &quot;should contain null when boolean&quot;" class="Tests_Privacy_wpPrivacyGeneratePersonalDataExportFile" classname="Tests_Privacy_wpPrivacyGeneratePersonalDataExportFile" file="/var/www/tests/phpunit/tests/privacy/wpPrivacyGeneratePersonalDataExportFile.php" line="360" assertions="6" time="0.011027"/>
          <testcase name="test_json_contents with data set &quot;should contain null when string&quot;" class="Tests_Privacy_wpPrivacyGeneratePersonalDataExportFile" classname="Tests_Privacy_wpPrivacyGeneratePersonalDataExportFile" file="/var/www/tests/phpunit/tests/privacy/wpPrivacyGeneratePersonalDataExportFile.php" line="360" assertions="6" time="0.011897"/>
          <testcase name="test_json_contents with data set &quot;should contain null when object&quot;" class="Tests_Privacy_wpPrivacyGeneratePersonalDataExportFile" classname="Tests_Privacy_wpPrivacyGeneratePersonalDataExportFile" file="/var/www/tests/phpunit/tests/privacy/wpPrivacyGeneratePersonalDataExportFile.php" line="360" assertions="6" time="0.012753"/>
          <testcase name="test_json_contents with data set &quot;should contain only about when _export_data_grouped does not exist&quot;" class="Tests_Privacy_wpPrivacyGeneratePersonalDataExportFile" classname="Tests_Privacy_wpPrivacyGeneratePersonalDataExportFile" file="/var/www/tests/phpunit/tests/privacy/wpPrivacyGeneratePersonalDataExportFile.php" line="360" assertions="6" time="0.012282"/>
          <testcase name="test_json_contents with data set &quot;should contain only about when empty array&quot;" class="Tests_Privacy_wpPrivacyGeneratePersonalDataExportFile" classname="Tests_Privacy_wpPrivacyGeneratePersonalDataExportFile" file="/var/www/tests/phpunit/tests/privacy/wpPrivacyGeneratePersonalDataExportFile.php" line="360" assertions="5" time="0.011468"/>
          <testcase name="test_json_contents with data set &quot;should contain about and export data groups when single group exists&quot;" class="Tests_Privacy_wpPrivacyGeneratePersonalDataExportFile" classname="Tests_Privacy_wpPrivacyGeneratePersonalDataExportFile" file="/var/www/tests/phpunit/tests/privacy/wpPrivacyGeneratePersonalDataExportFile.php" line="360" assertions="5" time="0.011813"/>
          <testcase name="test_json_contents with data set &quot;should contain about and export data groups when multiple groups exist&quot;" class="Tests_Privacy_wpPrivacyGeneratePersonalDataExportFile" classname="Tests_Privacy_wpPrivacyGeneratePersonalDataExportFile" file="/var/www/tests/phpunit/tests/privacy/wpPrivacyGeneratePersonalDataExportFile.php" line="360" assertions="5" time="0.010290"/>
        </testsuite>
        <testcase name="test_should_generate_json_error_when_json_encoding_fails" class="Tests_Privacy_wpPrivacyGeneratePersonalDataExportFile" classname="Tests_Privacy_wpPrivacyGeneratePersonalDataExportFile" file="/var/www/tests/phpunit/tests/privacy/wpPrivacyGeneratePersonalDataExportFile.php" line="638" assertions="3" time="0.005451"/>
      </testsuite>
      <testsuite name="Tests_Privacy_wpPrivacyGeneratePersonalDataExportGroupHtml" file="/var/www/tests/phpunit/tests/privacy/wpPrivacyGeneratePersonalDataExportGroupHtml.php" tests="8" assertions="26" errors="0" warnings="0" failures="0" skipped="0" time="0.026984">
        <testcase name="test_group_html_generation_single_data_item" class="Tests_Privacy_wpPrivacyGeneratePersonalDataExportGroupHtml" classname="Tests_Privacy_wpPrivacyGeneratePersonalDataExportGroupHtml" file="/var/www/tests/phpunit/tests/privacy/wpPrivacyGeneratePersonalDataExportGroupHtml.php" line="19" assertions="2" time="0.003678"/>
        <testcase name="test_group_html_generation_multiple_data_items" class="Tests_Privacy_wpPrivacyGeneratePersonalDataExportGroupHtml" classname="Tests_Privacy_wpPrivacyGeneratePersonalDataExportGroupHtml" file="/var/www/tests/phpunit/tests/privacy/wpPrivacyGeneratePersonalDataExportGroupHtml.php" line="49" assertions="8" time="0.003173"/>
        <testcase name="test_links_become_anchors" class="Tests_Privacy_wpPrivacyGeneratePersonalDataExportGroupHtml" classname="Tests_Privacy_wpPrivacyGeneratePersonalDataExportGroupHtml" file="/var/www/tests/phpunit/tests/privacy/wpPrivacyGeneratePersonalDataExportGroupHtml.php" line="94" assertions="3" time="0.003498"/>
        <testcase name="test_group_labels_escaped" class="Tests_Privacy_wpPrivacyGeneratePersonalDataExportGroupHtml" classname="Tests_Privacy_wpPrivacyGeneratePersonalDataExportGroupHtml" file="/var/www/tests/phpunit/tests/privacy/wpPrivacyGeneratePersonalDataExportGroupHtml.php" line="127" assertions="1" time="0.003798"/>
        <testcase name="test_allowed_html_not_stripped" class="Tests_Privacy_wpPrivacyGeneratePersonalDataExportGroupHtml" classname="Tests_Privacy_wpPrivacyGeneratePersonalDataExportGroupHtml" file="/var/www/tests/phpunit/tests/privacy/wpPrivacyGeneratePersonalDataExportGroupHtml.php" line="143" assertions="2" time="0.004006"/>
        <testcase name="test_disallowed_html_is_stripped" class="Tests_Privacy_wpPrivacyGeneratePersonalDataExportGroupHtml" classname="Tests_Privacy_wpPrivacyGeneratePersonalDataExportGroupHtml" file="/var/www/tests/phpunit/tests/privacy/wpPrivacyGeneratePersonalDataExportGroupHtml.php" line="170" assertions="4" time="0.003133"/>
        <testcase name="test_group_html_generation_should_display_group_count_when_multiple_items" class="Tests_Privacy_wpPrivacyGeneratePersonalDataExportGroupHtml" classname="Tests_Privacy_wpPrivacyGeneratePersonalDataExportGroupHtml" file="/var/www/tests/phpunit/tests/privacy/wpPrivacyGeneratePersonalDataExportGroupHtml.php" line="201" assertions="3" time="0.003064"/>
        <testcase name="test_group_html_generation_should_not_display_group_count_when_single_item" class="Tests_Privacy_wpPrivacyGeneratePersonalDataExportGroupHtml" classname="Tests_Privacy_wpPrivacyGeneratePersonalDataExportGroupHtml" file="/var/www/tests/phpunit/tests/privacy/wpPrivacyGeneratePersonalDataExportGroupHtml.php" line="232" assertions="3" time="0.002634"/>
      </testsuite>
      <testsuite name="Tests_Privacy_wpPrivacyProcessPersonalDataExportPage" file="/var/www/tests/phpunit/tests/privacy/wpPrivacyProcessPersonalDataExportPage.php" tests="24" assertions="42" errors="0" warnings="0" failures="0" skipped="0" time="0.230646">
        <testsuite name="Tests_Privacy_wpPrivacyProcessPersonalDataExportPage::test_wp_privacy_process_personal_data_export_page" tests="5" assertions="5" errors="0" warnings="0" failures="0" skipped="0" time="0.026681">
          <testcase name="test_wp_privacy_process_personal_data_export_page with data set #0" class="Tests_Privacy_wpPrivacyProcessPersonalDataExportPage" classname="Tests_Privacy_wpPrivacyProcessPersonalDataExportPage" file="/var/www/tests/phpunit/tests/privacy/wpPrivacyProcessPersonalDataExportPage.php" line="273" assertions="1" time="0.003799"/>
          <testcase name="test_wp_privacy_process_personal_data_export_page with data set #1" class="Tests_Privacy_wpPrivacyProcessPersonalDataExportPage" classname="Tests_Privacy_wpPrivacyProcessPersonalDataExportPage" file="/var/www/tests/phpunit/tests/privacy/wpPrivacyProcessPersonalDataExportPage.php" line="273" assertions="1" time="0.003367"/>
          <testcase name="test_wp_privacy_process_personal_data_export_page with data set #2" class="Tests_Privacy_wpPrivacyProcessPersonalDataExportPage" classname="Tests_Privacy_wpPrivacyProcessPersonalDataExportPage" file="/var/www/tests/phpunit/tests/privacy/wpPrivacyProcessPersonalDataExportPage.php" line="273" assertions="1" time="0.003023"/>
          <testcase name="test_wp_privacy_process_personal_data_export_page with data set #3" class="Tests_Privacy_wpPrivacyProcessPersonalDataExportPage" classname="Tests_Privacy_wpPrivacyProcessPersonalDataExportPage" file="/var/www/tests/phpunit/tests/privacy/wpPrivacyProcessPersonalDataExportPage.php" line="273" assertions="1" time="0.003246"/>
          <testcase name="test_wp_privacy_process_personal_data_export_page with data set #4" class="Tests_Privacy_wpPrivacyProcessPersonalDataExportPage" classname="Tests_Privacy_wpPrivacyProcessPersonalDataExportPage" file="/var/www/tests/phpunit/tests/privacy/wpPrivacyProcessPersonalDataExportPage.php" line="273" assertions="1" time="0.013246"/>
        </testsuite>
        <testsuite name="Tests_Privacy_wpPrivacyProcessPersonalDataExportPage::test_send_error_when_invalid_request_id" tests="2" assertions="4" errors="0" warnings="0" failures="0" skipped="0" time="0.006164">
          <testcase name="test_send_error_when_invalid_request_id with data set #0" class="Tests_Privacy_wpPrivacyProcessPersonalDataExportPage" classname="Tests_Privacy_wpPrivacyProcessPersonalDataExportPage" file="/var/www/tests/phpunit/tests/privacy/wpPrivacyProcessPersonalDataExportPage.php" line="363" assertions="2" time="0.003219"/>
          <testcase name="test_send_error_when_invalid_request_id with data set #1" class="Tests_Privacy_wpPrivacyProcessPersonalDataExportPage" classname="Tests_Privacy_wpPrivacyProcessPersonalDataExportPage" file="/var/www/tests/phpunit/tests/privacy/wpPrivacyProcessPersonalDataExportPage.php" line="363" assertions="2" time="0.002945"/>
        </testsuite>
        <testsuite name="Tests_Privacy_wpPrivacyProcessPersonalDataExportPage::test_send_error_when_invalid_request_action_name" tests="2" assertions="4" errors="0" warnings="0" failures="0" skipped="0" time="0.020284">
          <testcase name="test_send_error_when_invalid_request_action_name with data set #0" class="Tests_Privacy_wpPrivacyProcessPersonalDataExportPage" classname="Tests_Privacy_wpPrivacyProcessPersonalDataExportPage" file="/var/www/tests/phpunit/tests/privacy/wpPrivacyProcessPersonalDataExportPage.php" line="393" assertions="2" time="0.010080"/>
          <testcase name="test_send_error_when_invalid_request_action_name with data set #1" class="Tests_Privacy_wpPrivacyProcessPersonalDataExportPage" classname="Tests_Privacy_wpPrivacyProcessPersonalDataExportPage" file="/var/www/tests/phpunit/tests/privacy/wpPrivacyProcessPersonalDataExportPage.php" line="393" assertions="2" time="0.010204"/>
        </testsuite>
        <testsuite name="Tests_Privacy_wpPrivacyProcessPersonalDataExportPage::test_raw_data_post_meta" tests="2" assertions="6" errors="0" warnings="0" failures="0" skipped="0" time="0.031679">
          <testcase name="test_raw_data_post_meta with data set #0" class="Tests_Privacy_wpPrivacyProcessPersonalDataExportPage" classname="Tests_Privacy_wpPrivacyProcessPersonalDataExportPage" file="/var/www/tests/phpunit/tests/privacy/wpPrivacyProcessPersonalDataExportPage.php" line="426" assertions="3" time="0.020738"/>
          <testcase name="test_raw_data_post_meta with data set #1" class="Tests_Privacy_wpPrivacyProcessPersonalDataExportPage" classname="Tests_Privacy_wpPrivacyProcessPersonalDataExportPage" file="/var/www/tests/phpunit/tests/privacy/wpPrivacyProcessPersonalDataExportPage.php" line="426" assertions="3" time="0.010941"/>
        </testsuite>
        <testsuite name="Tests_Privacy_wpPrivacyProcessPersonalDataExportPage::test_add_post_meta_with_groups_data_only_available_when_export_file_generated" tests="2" assertions="6" errors="0" warnings="0" failures="0" skipped="0" time="0.030005">
          <testcase name="test_add_post_meta_with_groups_data_only_available_when_export_file_generated with data set #0" class="Tests_Privacy_wpPrivacyProcessPersonalDataExportPage" classname="Tests_Privacy_wpPrivacyProcessPersonalDataExportPage" file="/var/www/tests/phpunit/tests/privacy/wpPrivacyProcessPersonalDataExportPage.php" line="466" assertions="3" time="0.014287"/>
          <testcase name="test_add_post_meta_with_groups_data_only_available_when_export_file_generated with data set #1" class="Tests_Privacy_wpPrivacyProcessPersonalDataExportPage" classname="Tests_Privacy_wpPrivacyProcessPersonalDataExportPage" file="/var/www/tests/phpunit/tests/privacy/wpPrivacyProcessPersonalDataExportPage.php" line="466" assertions="3" time="0.015718"/>
        </testsuite>
        <testcase name="test_send_error_on_last_page_of_last_exporter_when_mail_delivery_fails" class="Tests_Privacy_wpPrivacyProcessPersonalDataExportPage" classname="Tests_Privacy_wpPrivacyProcessPersonalDataExportPage" file="/var/www/tests/phpunit/tests/privacy/wpPrivacyProcessPersonalDataExportPage.php" line="501" assertions="2" time="0.009940"/>
        <testcase name="test_return_response_with_export_file_url_when_not_sent_as_email_for_last_exporter_on_last_page" class="Tests_Privacy_wpPrivacyProcessPersonalDataExportPage" classname="Tests_Privacy_wpPrivacyProcessPersonalDataExportPage" file="/var/www/tests/phpunit/tests/privacy/wpPrivacyProcessPersonalDataExportPage.php" line="525" assertions="4" time="0.014691"/>
        <testcase name="test_return_response_without_export_file_url_when_sent_as_email_for_last_exporter_on_last_page" class="Tests_Privacy_wpPrivacyProcessPersonalDataExportPage" classname="Tests_Privacy_wpPrivacyProcessPersonalDataExportPage" file="/var/www/tests/phpunit/tests/privacy/wpPrivacyProcessPersonalDataExportPage.php" line="551" assertions="3" time="0.019201"/>
        <testsuite name="Tests_Privacy_wpPrivacyProcessPersonalDataExportPage::test_request_status_transitions_correctly" tests="8" assertions="8" errors="0" warnings="0" failures="0" skipped="0" time="0.072002">
          <testcase name="test_request_status_transitions_correctly with data set #0" class="Tests_Privacy_wpPrivacyProcessPersonalDataExportPage" classname="Tests_Privacy_wpPrivacyProcessPersonalDataExportPage" file="/var/www/tests/phpunit/tests/privacy/wpPrivacyProcessPersonalDataExportPage.php" line="584" assertions="1" time="0.019992"/>
          <testcase name="test_request_status_transitions_correctly with data set #1" class="Tests_Privacy_wpPrivacyProcessPersonalDataExportPage" classname="Tests_Privacy_wpPrivacyProcessPersonalDataExportPage" file="/var/www/tests/phpunit/tests/privacy/wpPrivacyProcessPersonalDataExportPage.php" line="584" assertions="1" time="0.011407"/>
          <testcase name="test_request_status_transitions_correctly with data set #2" class="Tests_Privacy_wpPrivacyProcessPersonalDataExportPage" classname="Tests_Privacy_wpPrivacyProcessPersonalDataExportPage" file="/var/www/tests/phpunit/tests/privacy/wpPrivacyProcessPersonalDataExportPage.php" line="584" assertions="1" time="0.007696"/>
          <testcase name="test_request_status_transitions_correctly with data set #3" class="Tests_Privacy_wpPrivacyProcessPersonalDataExportPage" classname="Tests_Privacy_wpPrivacyProcessPersonalDataExportPage" file="/var/www/tests/phpunit/tests/privacy/wpPrivacyProcessPersonalDataExportPage.php" line="584" assertions="1" time="0.008924"/>
          <testcase name="test_request_status_transitions_correctly with data set #4" class="Tests_Privacy_wpPrivacyProcessPersonalDataExportPage" classname="Tests_Privacy_wpPrivacyProcessPersonalDataExportPage" file="/var/www/tests/phpunit/tests/privacy/wpPrivacyProcessPersonalDataExportPage.php" line="584" assertions="1" time="0.006767"/>
          <testcase name="test_request_status_transitions_correctly with data set #5" class="Tests_Privacy_wpPrivacyProcessPersonalDataExportPage" classname="Tests_Privacy_wpPrivacyProcessPersonalDataExportPage" file="/var/www/tests/phpunit/tests/privacy/wpPrivacyProcessPersonalDataExportPage.php" line="584" assertions="1" time="0.005764"/>
          <testcase name="test_request_status_transitions_correctly with data set #6" class="Tests_Privacy_wpPrivacyProcessPersonalDataExportPage" classname="Tests_Privacy_wpPrivacyProcessPersonalDataExportPage" file="/var/www/tests/phpunit/tests/privacy/wpPrivacyProcessPersonalDataExportPage.php" line="584" assertions="1" time="0.005585"/>
          <testcase name="test_request_status_transitions_correctly with data set #7" class="Tests_Privacy_wpPrivacyProcessPersonalDataExportPage" classname="Tests_Privacy_wpPrivacyProcessPersonalDataExportPage" file="/var/www/tests/phpunit/tests/privacy/wpPrivacyProcessPersonalDataExportPage.php" line="584" assertions="1" time="0.005868"/>
        </testsuite>
      </testsuite>
      <testsuite name="Tests_Privacy_WpPrivacyResetPolicyPageForPost" file="/var/www/tests/phpunit/tests/privacy/wpPrivacyResetPolicyPageForPost.php" tests="6" assertions="6" errors="0" warnings="0" failures="0" skipped="0" time="0.213189">
        <testcase name="test_trashing_privacy_policy_page_resets_option" class="Tests_Privacy_WpPrivacyResetPolicyPageForPost" classname="Tests_Privacy_WpPrivacyResetPolicyPageForPost" file="/var/www/tests/phpunit/tests/privacy/wpPrivacyResetPolicyPageForPost.php" line="39" assertions="1" time="0.030534"/>
        <testcase name="test_deleting_privacy_policy_page_resets_option" class="Tests_Privacy_WpPrivacyResetPolicyPageForPost" classname="Tests_Privacy_WpPrivacyResetPolicyPageForPost" file="/var/www/tests/phpunit/tests/privacy/wpPrivacyResetPolicyPageForPost.php" line="50" assertions="1" time="0.023523"/>
        <testcase name="test_trashing_a_different_page_does_not_reset_option" class="Tests_Privacy_WpPrivacyResetPolicyPageForPost" classname="Tests_Privacy_WpPrivacyResetPolicyPageForPost" file="/var/www/tests/phpunit/tests/privacy/wpPrivacyResetPolicyPageForPost.php" line="61" assertions="1" time="0.037466"/>
        <testcase name="test_deleting_non_page_post_type_does_not_reset_option" class="Tests_Privacy_WpPrivacyResetPolicyPageForPost" classname="Tests_Privacy_WpPrivacyResetPolicyPageForPost" file="/var/www/tests/phpunit/tests/privacy/wpPrivacyResetPolicyPageForPost.php" line="77" assertions="1" time="0.049567"/>
        <testcase name="test_notice_self_heals_when_policy_page_does_not_exist" class="Tests_Privacy_WpPrivacyResetPolicyPageForPost" classname="Tests_Privacy_WpPrivacyResetPolicyPageForPost" file="/var/www/tests/phpunit/tests/privacy/wpPrivacyResetPolicyPageForPost.php" line="96" assertions="1" time="0.042815"/>
        <testcase name="test_no_update_option_when_policy_page_already_zero" class="Tests_Privacy_WpPrivacyResetPolicyPageForPost" classname="Tests_Privacy_WpPrivacyResetPolicyPageForPost" file="/var/www/tests/phpunit/tests/privacy/wpPrivacyResetPolicyPageForPost.php" line="124" assertions="1" time="0.029284"/>
      </testsuite>
      <testsuite name="Tests_Privacy_wpPrivacySendErasureFulfillmentNotification" file="/var/www/tests/phpunit/tests/privacy/wpPrivacySendErasureFulfillmentNotification.php" tests="16" assertions="31" errors="0" warnings="0" failures="0" skipped="0" time="0.250744">
        <testcase name="test_should_not_send_email_when_not_a_valid_request_id" class="Tests_Privacy_wpPrivacySendErasureFulfillmentNotification" classname="Tests_Privacy_wpPrivacySendErasureFulfillmentNotification" file="/var/www/tests/phpunit/tests/privacy/wpPrivacySendErasureFulfillmentNotification.php" line="106" assertions="1" time="0.005811"/>
        <testcase name="test_should_not_send_email_when_not_a_user_request" class="Tests_Privacy_wpPrivacySendErasureFulfillmentNotification" classname="Tests_Privacy_wpPrivacySendErasureFulfillmentNotification" file="/var/www/tests/phpunit/tests/privacy/wpPrivacySendErasureFulfillmentNotification.php" line="119" assertions="1" time="0.028170"/>
        <testcase name="test_should_not_send_email_when_request_not_completed" class="Tests_Privacy_wpPrivacySendErasureFulfillmentNotification" classname="Tests_Privacy_wpPrivacySendErasureFulfillmentNotification" file="/var/www/tests/phpunit/tests/privacy/wpPrivacySendErasureFulfillmentNotification.php" line="137" assertions="2" time="0.011852"/>
        <testcase name="test_should_send_email_no_privacy_policy" class="Tests_Privacy_wpPrivacySendErasureFulfillmentNotification" classname="Tests_Privacy_wpPrivacySendErasureFulfillmentNotification" file="/var/www/tests/phpunit/tests/privacy/wpPrivacySendErasureFulfillmentNotification.php" line="158" assertions="8" time="0.009814"/>
        <testcase name="test_should_send_email_with_privacy_policy" class="Tests_Privacy_wpPrivacySendErasureFulfillmentNotification" classname="Tests_Privacy_wpPrivacySendErasureFulfillmentNotification" file="/var/www/tests/phpunit/tests/privacy/wpPrivacySendErasureFulfillmentNotification.php" line="179" assertions="4" time="0.017407"/>
        <testcase name="test_should_send_email_only_once" class="Tests_Privacy_wpPrivacySendErasureFulfillmentNotification" classname="Tests_Privacy_wpPrivacySendErasureFulfillmentNotification" file="/var/www/tests/phpunit/tests/privacy/wpPrivacySendErasureFulfillmentNotification.php" line="204" assertions="5" time="0.008304"/>
        <testcase name="test_email_address_of_recipient_should_be_filterable" class="Tests_Privacy_wpPrivacySendErasureFulfillmentNotification" classname="Tests_Privacy_wpPrivacySendErasureFulfillmentNotification" file="/var/www/tests/phpunit/tests/privacy/wpPrivacySendErasureFulfillmentNotification.php" line="232" assertions="1" time="0.006911"/>
        <testcase name="test_email_subject_should_be_filterable" class="Tests_Privacy_wpPrivacySendErasureFulfillmentNotification" classname="Tests_Privacy_wpPrivacySendErasureFulfillmentNotification" file="/var/www/tests/phpunit/tests/privacy/wpPrivacySendErasureFulfillmentNotification.php" line="258" assertions="1" time="0.006975"/>
        <testcase name="test_email_body_text_should_be_filterable" class="Tests_Privacy_wpPrivacySendErasureFulfillmentNotification" classname="Tests_Privacy_wpPrivacySendErasureFulfillmentNotification" file="/var/www/tests/phpunit/tests/privacy/wpPrivacySendErasureFulfillmentNotification.php" line="284" assertions="1" time="0.007183"/>
        <testcase name="test_email_headers_should_be_filterable" class="Tests_Privacy_wpPrivacySendErasureFulfillmentNotification" classname="Tests_Privacy_wpPrivacySendErasureFulfillmentNotification" file="/var/www/tests/phpunit/tests/privacy/wpPrivacySendErasureFulfillmentNotification.php" line="312" assertions="1" time="0.006998"/>
        <testcase name="test_should_send_fulfillment_email_in_user_locale" class="Tests_Privacy_wpPrivacySendErasureFulfillmentNotification" classname="Tests_Privacy_wpPrivacySendErasureFulfillmentNotification" file="/var/www/tests/phpunit/tests/privacy/wpPrivacySendErasureFulfillmentNotification.php" line="344" assertions="1" time="0.016109"/>
        <testcase name="test_should_send_fulfillment_email_in_user_locale_when_site_is_not_en_us" class="Tests_Privacy_wpPrivacySendErasureFulfillmentNotification" classname="Tests_Privacy_wpPrivacySendErasureFulfillmentNotification" file="/var/www/tests/phpunit/tests/privacy/wpPrivacySendErasureFulfillmentNotification.php" line="361" assertions="1" time="0.022597"/>
        <testcase name="test_should_send_fulfillment_email_in_user_locale_when_admin_and_site_have_different_locales" class="Tests_Privacy_wpPrivacySendErasureFulfillmentNotification" classname="Tests_Privacy_wpPrivacySendErasureFulfillmentNotification" file="/var/www/tests/phpunit/tests/privacy/wpPrivacySendErasureFulfillmentNotification.php" line="382" assertions="1" time="0.016195"/>
        <testcase name="test_should_send_fulfillment_email_in_user_locale_when_both_have_different_locales_than_site" class="Tests_Privacy_wpPrivacySendErasureFulfillmentNotification" classname="Tests_Privacy_wpPrivacySendErasureFulfillmentNotification" file="/var/www/tests/phpunit/tests/privacy/wpPrivacySendErasureFulfillmentNotification.php" line="403" assertions="1" time="0.023567"/>
        <testcase name="test_should_send_fulfillment_email_in_site_locale" class="Tests_Privacy_wpPrivacySendErasureFulfillmentNotification" classname="Tests_Privacy_wpPrivacySendErasureFulfillmentNotification" file="/var/www/tests/phpunit/tests/privacy/wpPrivacySendErasureFulfillmentNotification.php" line="426" assertions="1" time="0.023981"/>
        <testcase name="test_should_send_fulfillment_email_in_site_locale_when_not_en_us_and_admin_has_different_locale" class="Tests_Privacy_wpPrivacySendErasureFulfillmentNotification" classname="Tests_Privacy_wpPrivacySendErasureFulfillmentNotification" file="/var/www/tests/phpunit/tests/privacy/wpPrivacySendErasureFulfillmentNotification.php" line="452" assertions="1" time="0.038869"/>
      </testsuite>
      <testsuite name="Tests_Privacy_wpPrivacySendPersonalDataExportEmail" file="/var/www/tests/phpunit/tests/privacy/wpPrivacySendPersonalDataExportEmail.php" tests="16" assertions="26" errors="0" warnings="0" failures="0" skipped="0" time="0.171644">
        <testcase name="test_should_return_wp_error_when_not_a_valid_request_id" class="Tests_Privacy_wpPrivacySendPersonalDataExportEmail" classname="Tests_Privacy_wpPrivacySendPersonalDataExportEmail" file="/var/www/tests/phpunit/tests/privacy/wpPrivacySendPersonalDataExportEmail.php" line="102" assertions="4" time="0.003709"/>
        <testcase name="test_should_return_wp_error_when_not_a_user_request" class="Tests_Privacy_wpPrivacySendPersonalDataExportEmail" classname="Tests_Privacy_wpPrivacySendPersonalDataExportEmail" file="/var/www/tests/phpunit/tests/privacy/wpPrivacySendPersonalDataExportEmail.php" line="120" assertions="2" time="0.022243"/>
        <testcase name="test_should_return_wp_error_when_sending_fails" class="Tests_Privacy_wpPrivacySendPersonalDataExportEmail" classname="Tests_Privacy_wpPrivacySendPersonalDataExportEmail" file="/var/www/tests/phpunit/tests/privacy/wpPrivacySendPersonalDataExportEmail.php" line="137" assertions="2" time="0.006038"/>
        <testcase name="test_should_send_export_link_to_requester" class="Tests_Privacy_wpPrivacySendPersonalDataExportEmail" classname="Tests_Privacy_wpPrivacySendPersonalDataExportEmail" file="/var/www/tests/phpunit/tests/privacy/wpPrivacySendPersonalDataExportEmail.php" line="148" assertions="6" time="0.009035"/>
        <testcase name="test_export_expiration_should_be_filterable" class="Tests_Privacy_wpPrivacySendPersonalDataExportEmail" classname="Tests_Privacy_wpPrivacySendPersonalDataExportEmail" file="/var/www/tests/phpunit/tests/privacy/wpPrivacySendPersonalDataExportEmail.php" line="170" assertions="1" time="0.006642"/>
        <testcase name="test_email_address_of_recipient_should_be_filterable" class="Tests_Privacy_wpPrivacySendPersonalDataExportEmail" classname="Tests_Privacy_wpPrivacySendPersonalDataExportEmail" file="/var/www/tests/phpunit/tests/privacy/wpPrivacySendPersonalDataExportEmail.php" line="196" assertions="1" time="0.005255"/>
        <testcase name="test_email_subject_should_be_filterable" class="Tests_Privacy_wpPrivacySendPersonalDataExportEmail" classname="Tests_Privacy_wpPrivacySendPersonalDataExportEmail" file="/var/www/tests/phpunit/tests/privacy/wpPrivacySendPersonalDataExportEmail.php" line="222" assertions="1" time="0.005796"/>
        <testcase name="test_email_content_should_be_filterable" class="Tests_Privacy_wpPrivacySendPersonalDataExportEmail" classname="Tests_Privacy_wpPrivacySendPersonalDataExportEmail" file="/var/www/tests/phpunit/tests/privacy/wpPrivacySendPersonalDataExportEmail.php" line="248" assertions="1" time="0.005338"/>
        <testcase name="test_email_headers_should_be_filterable" class="Tests_Privacy_wpPrivacySendPersonalDataExportEmail" classname="Tests_Privacy_wpPrivacySendPersonalDataExportEmail" file="/var/www/tests/phpunit/tests/privacy/wpPrivacySendPersonalDataExportEmail.php" line="276" assertions="1" time="0.005456"/>
        <testcase name="test_email_content_should_be_filterable_using_email_data" class="Tests_Privacy_wpPrivacySendPersonalDataExportEmail" classname="Tests_Privacy_wpPrivacySendPersonalDataExportEmail" file="/var/www/tests/phpunit/tests/privacy/wpPrivacySendPersonalDataExportEmail.php" line="306" assertions="1" time="0.006436"/>
        <testcase name="test_should_send_personal_data_export_email_in_user_locale" class="Tests_Privacy_wpPrivacySendPersonalDataExportEmail" classname="Tests_Privacy_wpPrivacySendPersonalDataExportEmail" file="/var/www/tests/phpunit/tests/privacy/wpPrivacySendPersonalDataExportEmail.php" line="349" assertions="1" time="0.009908"/>
        <testcase name="test_should_send_personal_data_export_email_in_user_locale_when_site_is_not_en_us" class="Tests_Privacy_wpPrivacySendPersonalDataExportEmail" classname="Tests_Privacy_wpPrivacySendPersonalDataExportEmail" file="/var/www/tests/phpunit/tests/privacy/wpPrivacySendPersonalDataExportEmail.php" line="367" assertions="1" time="0.015284"/>
        <testcase name="test_should_send_personal_data_export_email_in_user_locale_when_admin_and_site_have_different_locales" class="Tests_Privacy_wpPrivacySendPersonalDataExportEmail" classname="Tests_Privacy_wpPrivacySendPersonalDataExportEmail" file="/var/www/tests/phpunit/tests/privacy/wpPrivacySendPersonalDataExportEmail.php" line="389" assertions="1" time="0.014724"/>
        <testcase name="test_should_send_personal_data_export_email_in_user_locale_when_both_have_different_locales_than_site" class="Tests_Privacy_wpPrivacySendPersonalDataExportEmail" classname="Tests_Privacy_wpPrivacySendPersonalDataExportEmail" file="/var/www/tests/phpunit/tests/privacy/wpPrivacySendPersonalDataExportEmail.php" line="411" assertions="1" time="0.019816"/>
        <testcase name="test_should_send_personal_data_export_email_in_site_locale" class="Tests_Privacy_wpPrivacySendPersonalDataExportEmail" classname="Tests_Privacy_wpPrivacySendPersonalDataExportEmail" file="/var/www/tests/phpunit/tests/privacy/wpPrivacySendPersonalDataExportEmail.php" line="435" assertions="1" time="0.018506"/>
        <testcase name="test_should_send_personal_data_export_email_in_site_locale_when_not_en_us_and_admin_has_different_locale" class="Tests_Privacy_wpPrivacySendPersonalDataExportEmail" classname="Tests_Privacy_wpPrivacySendPersonalDataExportEmail" file="/var/www/tests/phpunit/tests/privacy/wpPrivacySendPersonalDataExportEmail.php" line="457" assertions="1" time="0.017460"/>
      </testsuite>
      <testsuite name="Tests_Privacy_wpPrivacySendRequestConfirmationNotification" file="/var/www/tests/phpunit/tests/privacy/wpPrivacySendRequestConfirmationNotification.php" tests="8" assertions="18" errors="0" warnings="0" failures="0" skipped="0" time="0.121733">
        <testcase name="test_should_not_send_email_when_not_a_valid_request_id" class="Tests_Privacy_wpPrivacySendRequestConfirmationNotification" classname="Tests_Privacy_wpPrivacySendRequestConfirmationNotification" file="/var/www/tests/phpunit/tests/privacy/wpPrivacySendRequestConfirmationNotification.php" line="39" assertions="1" time="0.003476"/>
        <testcase name="test_should_not_send_email_when_not_a_user_request" class="Tests_Privacy_wpPrivacySendRequestConfirmationNotification" classname="Tests_Privacy_wpPrivacySendRequestConfirmationNotification" file="/var/www/tests/phpunit/tests/privacy/wpPrivacySendRequestConfirmationNotification.php" line="51" assertions="1" time="0.021025"/>
        <testcase name="test_should_send_email_to_site_admin_when_user_request_confirmed" class="Tests_Privacy_wpPrivacySendRequestConfirmationNotification" classname="Tests_Privacy_wpPrivacySendRequestConfirmationNotification" file="/var/www/tests/phpunit/tests/privacy/wpPrivacySendRequestConfirmationNotification.php" line="69" assertions="7" time="0.018288"/>
        <testcase name="test_should_only_send_email_to_site_admin_when_user_request_is_confirmed" class="Tests_Privacy_wpPrivacySendRequestConfirmationNotification" classname="Tests_Privacy_wpPrivacySendRequestConfirmationNotification" file="/var/www/tests/phpunit/tests/privacy/wpPrivacySendRequestConfirmationNotification.php" line="92" assertions="3" time="0.010298"/>
        <testcase name="test_should_only_send_email_once_to_admin_when_user_request_is_confirmed" class="Tests_Privacy_wpPrivacySendRequestConfirmationNotification" classname="Tests_Privacy_wpPrivacySendRequestConfirmationNotification" file="/var/www/tests/phpunit/tests/privacy/wpPrivacySendRequestConfirmationNotification.php" line="112" assertions="3" time="0.018034"/>
        <testcase name="test_email_address_should_be_filterable" class="Tests_Privacy_wpPrivacySendRequestConfirmationNotification" classname="Tests_Privacy_wpPrivacySendRequestConfirmationNotification" file="/var/www/tests/phpunit/tests/privacy/wpPrivacySendRequestConfirmationNotification.php" line="136" assertions="1" time="0.016996"/>
        <testcase name="test_email_content_should_be_filterable" class="Tests_Privacy_wpPrivacySendRequestConfirmationNotification" classname="Tests_Privacy_wpPrivacySendRequestConfirmationNotification" file="/var/www/tests/phpunit/tests/privacy/wpPrivacySendRequestConfirmationNotification.php" line="169" assertions="1" time="0.017513"/>
        <testcase name="test_email_headers_should_be_filterable" class="Tests_Privacy_wpPrivacySendRequestConfirmationNotification" classname="Tests_Privacy_wpPrivacySendRequestConfirmationNotification" file="/var/www/tests/phpunit/tests/privacy/wpPrivacySendRequestConfirmationNotification.php" line="213" assertions="1" time="0.016105"/>
      </testsuite>
      <testsuite name="Tests_Query_Conditionals" file="/var/www/tests/phpunit/tests/query/conditionals.php" tests="1" assertions="3" errors="0" warnings="0" failures="0" skipped="0" time="0.022115">
        <testcase name="test_is_privacy_policy" class="Tests_Query_Conditionals" classname="Tests_Query_Conditionals" file="/var/www/tests/phpunit/tests/query/conditionals.php" line="1605" assertions="3" time="0.022115"/>
      </testsuite>
      <testsuite name="Tests_Query_VerbosePageRules" file="/var/www/tests/phpunit/tests/query/verboseRewriteRules.php" tests="1" assertions="3" errors="0" warnings="0" failures="0" skipped="0" time="0.022016">
        <testcase name="test_is_privacy_policy" class="Tests_Query_VerbosePageRules" classname="Tests_Query_VerbosePageRules" file="/var/www/tests/phpunit/tests/query/verboseRewriteRules.php" line="1605" assertions="3" time="0.022016"/>
      </testsuite>
      <testsuite name="Tests_Template" file="/var/www/tests/phpunit/tests/template.php" tests="1" assertions="1" errors="0" warnings="0" failures="0" skipped="0" time="0.019452">
        <testcase name="test_privacy_template_hierarchy" class="Tests_Template" classname="Tests_Template" file="/var/www/tests/phpunit/tests/template.php" line="362" assertions="1" time="0.019452"/>
      </testsuite>
      <testsuite name="Tests_Url_GetPrivacyPolicyUrl" file="/var/www/tests/phpunit/tests/url/getPrivacyPolicyUrl.php" tests="4" assertions="4" errors="0" warnings="0" failures="0" skipped="0" time="0.020979">
        <testcase name="test_get_privacy_policy_url_should_return_empty_string_when_policy_page_not_set" class="Tests_Url_GetPrivacyPolicyUrl" classname="Tests_Url_GetPrivacyPolicyUrl" file="/var/www/tests/phpunit/tests/url/getPrivacyPolicyUrl.php" line="48" assertions="1" time="0.003275"/>
        <testcase name="test_get_privacy_policy_url_should_return_valid_url_when_policy_page_set" class="Tests_Url_GetPrivacyPolicyUrl" classname="Tests_Url_GetPrivacyPolicyUrl" file="/var/www/tests/phpunit/tests/url/getPrivacyPolicyUrl.php" line="55" assertions="1" time="0.005521"/>
        <testcase name="test_get_privacy_policy_url_should_return_empty_for_non_existing_page" class="Tests_Url_GetPrivacyPolicyUrl" classname="Tests_Url_GetPrivacyPolicyUrl" file="/var/www/tests/phpunit/tests/url/getPrivacyPolicyUrl.php" line="65" assertions="1" time="0.005285"/>
        <testcase name="test_get_privacy_policy_url_should_be_filterable" class="Tests_Url_GetPrivacyPolicyUrl" classname="Tests_Url_GetPrivacyPolicyUrl" file="/var/www/tests/phpunit/tests/url/getPrivacyPolicyUrl.php" line="74" assertions="1" time="0.006898"/>
      </testsuite>
      <testsuite name="Tests_User_wpSendUserRequest" file="/var/www/tests/phpunit/tests/user/wpSendUserRequest.php" tests="15" assertions="35" errors="0" warnings="0" failures="0" skipped="0" time="0.243401">
        <testcase name="test_should_error_when_invalid_request_id" class="Tests_User_wpSendUserRequest" classname="Tests_User_wpSendUserRequest" file="/var/www/tests/phpunit/tests/user/wpSendUserRequest.php" line="86" assertions="2" time="0.003177"/>
        <testcase name="test_should_send_user_request_export_email_when_requester_registered_user" class="Tests_User_wpSendUserRequest" classname="Tests_User_wpSendUserRequest" file="/var/www/tests/phpunit/tests/user/wpSendUserRequest.php" line="98" assertions="5" time="0.015279"/>
        <testcase name="test_should_send_user_request_erase_email_when_requester_registered_user" class="Tests_User_wpSendUserRequest" classname="Tests_User_wpSendUserRequest" file="/var/www/tests/phpunit/tests/user/wpSendUserRequest.php" line="116" assertions="5" time="0.017165"/>
        <testcase name="test_should_send_user_request_export_email_when_user_not_registered" class="Tests_User_wpSendUserRequest" classname="Tests_User_wpSendUserRequest" file="/var/www/tests/phpunit/tests/user/wpSendUserRequest.php" line="134" assertions="5" time="0.018422"/>
        <testcase name="test_should_send_user_request_erase_email_when_user_not_registered" class="Tests_User_wpSendUserRequest" classname="Tests_User_wpSendUserRequest" file="/var/www/tests/phpunit/tests/user/wpSendUserRequest.php" line="152" assertions="5" time="0.017253"/>
        <testcase name="test_email_subject_should_be_filterable" class="Tests_User_wpSendUserRequest" classname="Tests_User_wpSendUserRequest" file="/var/www/tests/phpunit/tests/user/wpSendUserRequest.php" line="170" assertions="2" time="0.016595"/>
        <testcase name="test_email_content_should_be_filterable" class="Tests_User_wpSendUserRequest" classname="Tests_User_wpSendUserRequest" file="/var/www/tests/phpunit/tests/user/wpSendUserRequest.php" line="198" assertions="2" time="0.015211"/>
        <testcase name="test_email_headers_should_be_filterable" class="Tests_User_wpSendUserRequest" classname="Tests_User_wpSendUserRequest" file="/var/www/tests/phpunit/tests/user/wpSendUserRequest.php" line="228" assertions="1" time="0.010826"/>
        <testcase name="test_return_wp_error_when_sending_fails" class="Tests_User_wpSendUserRequest" classname="Tests_User_wpSendUserRequest" file="/var/www/tests/phpunit/tests/user/wpSendUserRequest.php" line="260" assertions="2" time="0.009942"/>
        <testcase name="test_should_send_user_request_email_in_user_locale" class="Tests_User_wpSendUserRequest" classname="Tests_User_wpSendUserRequest" file="/var/www/tests/phpunit/tests/user/wpSendUserRequest.php" line="276" assertions="1" time="0.015500"/>
        <testcase name="test_should_send_user_request_email_in_user_locale_when_site_is_not_en_us" class="Tests_User_wpSendUserRequest" classname="Tests_User_wpSendUserRequest" file="/var/www/tests/phpunit/tests/user/wpSendUserRequest.php" line="295" assertions="1" time="0.021662"/>
        <testcase name="test_should_send_user_request_email_in_user_locale_when_admin_and_site_have_different_locales" class="Tests_User_wpSendUserRequest" classname="Tests_User_wpSendUserRequest" file="/var/www/tests/phpunit/tests/user/wpSendUserRequest.php" line="317" assertions="1" time="0.022602"/>
        <testcase name="test_should_send_user_request_email_in_user_locale_when_both_have_different_locales_than_site" class="Tests_User_wpSendUserRequest" classname="Tests_User_wpSendUserRequest" file="/var/www/tests/phpunit/tests/user/wpSendUserRequest.php" line="339" assertions="1" time="0.021827"/>
        <testcase name="test_should_send_user_request_email_in_site_locale" class="Tests_User_wpSendUserRequest" classname="Tests_User_wpSendUserRequest" file="/var/www/tests/phpunit/tests/user/wpSendUserRequest.php" line="363" assertions="1" time="0.021425"/>
        <testcase name="test_should_send_user_request_email_in_site_locale_when_not_en_us_and_admin_has_different_locale" class="Tests_User_wpSendUserRequest" classname="Tests_User_wpSendUserRequest" file="/var/www/tests/phpunit/tests/user/wpSendUserRequest.php" line="382" assertions="1" time="0.016514"/>
      </testsuite>
    </testsuite>
  </testsuite>
</testsuites>
